<?xml version="1.0" encoding="UTF-8"?>
<!-- Generated by org.testng.reporters.JUnitReportReporter -->
<testsuite skipped="0" hostname="dell" name="tests.open_webPage" tests="1" failures="0" timestamp="12 may 2018 18:25:03 GMT" time="16.639" errors="0">
  <testcase name="open_webPage" time="16.639" classname="tests.open_webPage"/>
</testsuite> <!-- tests.open_webPage -->
